12:02:14.739 INFO - Selenium build info: version: '3.9.1', revision: '63f7b50'
12:02:14.739 INFO - Launching a standalone Selenium Server on port 4444
2018-07-05 12:02:14.994:INFO::main: Logging initialized @675ms to org.seleniumhq.jetty9.util.log.StdErrLog
2018-07-05 12:02:15.173:INFO:osjs.Server:main: jetty-9.4.7.v20170914, build timestamp: 2017-11-21T22:27:37+01:00, git hash: 82b8fb23f757335bb3329d540ce37a2a2615f0a8
2018-07-05 12:02:15.198:WARN:osjs.SecurityHandler:main: ServletContext@o.s.j.s.ServletContextHandler@2c35e847{/,null,STARTING} has uncovered http methods for path: /
2018-07-05 12:02:15.203:INFO:osjsh.ContextHandler:main: Started o.s.j.s.ServletContextHandler@2c35e847{/,null,AVAILABLE}
2018-07-05 12:02:15.239:INFO:osjs.AbstractConnector:main: Started ServerConnector@6d4d66d2{HTTP/1.1,[http/1.1]}{0.0.0.0:4444}
2018-07-05 12:02:15.240:INFO:osjs.Server:main: Started @921ms
12:02:15.240 INFO - Selenium Server is up and running on port 4444
2018-07-05 12:02:15.546:INFO:osjshC.ROOT:qtp1529060733-14: org.openqa.selenium.remote.server.WebDriverServlet-d6e7bab: Initialising WebDriverServlet
12:02:15.624 INFO - Found handler: org.openqa.selenium.remote.server.commandhandler.BeginSession@79795e18
12:02:15.628 INFO - /session: Executing POST on /session (handler: BeginSession)
12:02:15.701 INFO - Capabilities are: Capabilities {acceptSslCerts: true, browserName: chrome, javascriptEnabled: true, name: Homepage}
12:02:15.702 INFO - Capabilities {acceptSslCerts: true, browserName: chrome, javascriptEnabled: true, name: Homepage} matched class org.openqa.selenium.remote.server.ServicedSession$Factory (provider: org.openqa.selenium.chrome.ChromeDriverService)
Starting ChromeDriver 2.40.565386 (45a059dc425e08165f9a10324bd1380cc13ca363) on port 22743
Only local connections are allowed.
12:02:16.762 INFO - Detected dialect: OSS
12:02:17.252 INFO - Found handler: org.openqa.selenium.remote.server.ServicedSession@353440ab
12:02:17.252 INFO - Handler thread for session 06daa1d3b5318860e940f758cd73efef (chrome): Executing POST on /session/06daa1d3b5318860e940f758cd73efef/window/undefined/maximize (handler: ServicedSession)
12:02:17.254 INFO - To upstream: 
12:02:17.452 INFO - To downstream: {"sessionId":"06daa1d3b5318860e940f758cd73efef","status":0,"value":null}
12:02:17.457 INFO - Found handler: org.openqa.selenium.remote.server.ServicedSession@353440ab
12:02:17.457 INFO - Handler thread for session 06daa1d3b5318860e940f758cd73efef (chrome): Executing POST on /session/06daa1d3b5318860e940f758cd73efef/url (handler: ServicedSession)
12:02:17.458 INFO - To upstream: {"url":"http://localhost:5000"}
12:02:19.795 INFO - To downstream: {"sessionId":"06daa1d3b5318860e940f758cd73efef","status":0,"value":null}
12:02:19.803 INFO - Found handler: org.openqa.selenium.remote.server.ServicedSession@353440ab
12:02:19.803 INFO - Handler thread for session 06daa1d3b5318860e940f758cd73efef (chrome): Executing POST on /session/06daa1d3b5318860e940f758cd73efef/elements (handler: ServicedSession)
12:02:19.805 INFO - To upstream: {"using":"css selector","value":"body"}
12:02:19.816 INFO - To downstream: {"sessionId":"06daa1d3b5318860e940f758cd73efef","status":0,"value":[{"ELEMENT":"0.6738330247634319-1"}]}
12:02:19.820 INFO - Found handler: org.openqa.selenium.remote.server.ServicedSession@353440ab
12:02:19.820 INFO - Handler thread for session 06daa1d3b5318860e940f758cd73efef (chrome): Executing GET on /session/06daa1d3b5318860e940f758cd73efef/element/0.6738330247634319-1/displayed (handler: ServicedSession)
12:02:19.830 INFO - To downstream: {"sessionId":"06daa1d3b5318860e940f758cd73efef","status":0,"value":true}
12:02:22.839 INFO - Found handler: org.openqa.selenium.remote.server.ServicedSession@353440ab
12:02:22.839 INFO - Handler thread for session 06daa1d3b5318860e940f758cd73efef (chrome): Executing POST on /session/06daa1d3b5318860e940f758cd73efef/element (handler: ServicedSession)
12:02:22.840 INFO - To upstream: {"using":"css selector","value":".login"}
12:02:22.851 INFO - To downstream: {"sessionId":"06daa1d3b5318860e940f758cd73efef","status":0,"value":{"ELEMENT":"0.6738330247634319-2"}}
12:02:22.855 INFO - Found handler: org.openqa.selenium.remote.server.ServicedSession@353440ab
12:02:22.855 INFO - Handler thread for session 06daa1d3b5318860e940f758cd73efef (chrome): Executing GET on /session/06daa1d3b5318860e940f758cd73efef/element/0.6738330247634319-2/text (handler: ServicedSession)
12:02:22.868 INFO - To downstream: {"sessionId":"06daa1d3b5318860e940f758cd73efef","status":0,"value":"Login\n\nSign up"}
12:02:22.871 INFO - Found handler: org.openqa.selenium.remote.server.ServicedSession@353440ab
12:02:22.872 INFO - Handler thread for session 06daa1d3b5318860e940f758cd73efef (chrome): Executing POST on /session/06daa1d3b5318860e940f758cd73efef/element (handler: ServicedSession)
12:02:22.873 INFO - To upstream: {"using":"css selector","value":".signup"}
12:02:22.882 INFO - To downstream: {"sessionId":"06daa1d3b5318860e940f758cd73efef","status":0,"value":{"ELEMENT":"0.6738330247634319-3"}}
12:02:22.885 INFO - Found handler: org.openqa.selenium.remote.server.ServicedSession@353440ab
12:02:22.886 INFO - Handler thread for session 06daa1d3b5318860e940f758cd73efef (chrome): Executing GET on /session/06daa1d3b5318860e940f758cd73efef/element/0.6738330247634319-3/text (handler: ServicedSession)
12:02:22.908 INFO - To downstream: {"sessionId":"06daa1d3b5318860e940f758cd73efef","status":0,"value":"Sign up"}
12:02:22.913 INFO - Found handler: org.openqa.selenium.remote.server.ServicedSession@353440ab
12:02:22.913 INFO - Handler thread for session 06daa1d3b5318860e940f758cd73efef (chrome): Executing POST on /session/06daa1d3b5318860e940f758cd73efef/element (handler: ServicedSession)
12:02:22.914 INFO - To upstream: {"using":"css selector","value":"#logo"}
12:02:22.924 INFO - To downstream: {"sessionId":"06daa1d3b5318860e940f758cd73efef","status":0,"value":{"ELEMENT":"0.6738330247634319-4"}}
12:02:22.931 INFO - Found handler: org.openqa.selenium.remote.server.ServicedSession@353440ab
12:02:22.932 INFO - Handler thread for session 06daa1d3b5318860e940f758cd73efef (chrome): Executing GET on /session/06daa1d3b5318860e940f758cd73efef/element/0.6738330247634319-4/text (handler: ServicedSession)
12:02:22.953 INFO - To downstream: {"sessionId":"06daa1d3b5318860e940f758cd73efef","status":0,"value":"Event Manager\n(current)"}
12:02:22.960 INFO - Found handler: org.openqa.selenium.remote.server.ServicedSession@353440ab
12:02:22.960 INFO - Handler thread for session 06daa1d3b5318860e940f758cd73efef (chrome): Executing POST on /session/06daa1d3b5318860e940f758cd73efef/element (handler: ServicedSession)
12:02:22.962 INFO - To upstream: {"using":"css selector","value":"#home"}
12:02:22.975 INFO - To downstream: {"sessionId":"06daa1d3b5318860e940f758cd73efef","status":0,"value":{"ELEMENT":"0.6738330247634319-5"}}
12:02:22.978 INFO - Found handler: org.openqa.selenium.remote.server.ServicedSession@353440ab
12:02:22.978 INFO - Handler thread for session 06daa1d3b5318860e940f758cd73efef (chrome): Executing GET on /session/06daa1d3b5318860e940f758cd73efef/element/0.6738330247634319-5/text (handler: ServicedSession)
12:02:23.001 INFO - To downstream: {"sessionId":"06daa1d3b5318860e940f758cd73efef","status":0,"value":"Home\n(current)"}
12:02:23.005 INFO - Found handler: org.openqa.selenium.remote.server.ServicedSession@353440ab
12:02:23.005 INFO - Handler thread for session 06daa1d3b5318860e940f758cd73efef (chrome): Executing POST on /session/06daa1d3b5318860e940f758cd73efef/element (handler: ServicedSession)
12:02:23.006 INFO - To upstream: {"using":"css selector","value":"#navbarDropdown"}
12:02:23.032 INFO - To downstream: {"sessionId":"06daa1d3b5318860e940f758cd73efef","status":0,"value":{"ELEMENT":"0.6738330247634319-6"}}
12:02:23.036 INFO - Found handler: org.openqa.selenium.remote.server.ServicedSession@353440ab
12:02:23.038 INFO - Handler thread for session 06daa1d3b5318860e940f758cd73efef (chrome): Executing GET on /session/06daa1d3b5318860e940f758cd73efef/element/0.6738330247634319-6/text (handler: ServicedSession)
12:02:23.077 INFO - To downstream: {"sessionId":"06daa1d3b5318860e940f758cd73efef","status":0,"value":"Events"}
12:02:23.081 INFO - Found handler: org.openqa.selenium.remote.server.ServicedSession@353440ab
12:02:23.081 INFO - Handler thread for session 06daa1d3b5318860e940f758cd73efef (chrome): Executing POST on /session/06daa1d3b5318860e940f758cd73efef/element (handler: ServicedSession)
12:02:23.082 INFO - To upstream: {"using":"css selector","value":"#addevent"}
12:02:23.097 INFO - To downstream: {"sessionId":"06daa1d3b5318860e940f758cd73efef","status":7,"value":{"message":"no such element: Unable to locate element: {\"method\":\"css selector\",\"selector\":\"#addevent\"}\n  (Session info: chrome=67.0.3396.99)\n  (Driver info: chromedriver=2.40.565386 (45a059dc425e08165f9a10324bd1380cc13ca363),platform=Mac OS X 10.13.5 x86_64)"}}
12:02:23.105 INFO - Found handler: org.openqa.selenium.remote.server.ServicedSession@353440ab
12:02:23.106 INFO - Handler thread for session 06daa1d3b5318860e940f758cd73efef (chrome): Executing DELETE on /session/06daa1d3b5318860e940f758cd73efef (handler: ServicedSession)
12:02:23.174 INFO - To downstream: {"sessionId":"06daa1d3b5318860e940f758cd73efef","status":0,"value":null}
12:02:23.178 INFO - Removing session org.openqa.selenium.remote.server.ServicedSession@353440ab
